{"/home/brenno/projects/newlang/src/evaluate.ts": {"path":"/home/brenno/projects/newlang/src/evaluate.ts","all":false,"statementMap":{"0":{"start":{"line":1,"column":0},"end":{"line":1,"column":36}},"1":{"start":{"line":2,"column":0},"end":{"line":2,"column":0}},"2":{"start":{"line":3,"column":0},"end":{"line":3,"column":49}},"3":{"start":{"line":4,"column":0},"end":{"line":4,"column":33}},"4":{"start":{"line":5,"column":0},"end":{"line":5,"column":24}},"5":{"start":{"line":6,"column":0},"end":{"line":6,"column":5}},"6":{"start":{"line":7,"column":0},"end":{"line":7,"column":0}},"7":{"start":{"line":8,"column":0},"end":{"line":8,"column":34}},"8":{"start":{"line":9,"column":0},"end":{"line":9,"column":41}},"9":{"start":{"line":10,"column":0},"end":{"line":10,"column":43}},"10":{"start":{"line":11,"column":0},"end":{"line":11,"column":4}},"11":{"start":{"line":12,"column":0},"end":{"line":12,"column":29}},"12":{"start":{"line":13,"column":0},"end":{"line":13,"column":24}},"13":{"start":{"line":14,"column":0},"end":{"line":14,"column":36}},"14":{"start":{"line":15,"column":0},"end":{"line":15,"column":24}},"15":{"start":{"line":16,"column":0},"end":{"line":16,"column":36}},"16":{"start":{"line":17,"column":0},"end":{"line":17,"column":24}},"17":{"start":{"line":18,"column":0},"end":{"line":18,"column":36}},"18":{"start":{"line":19,"column":0},"end":{"line":19,"column":23}},"19":{"start":{"line":20,"column":0},"end":{"line":20,"column":36}},"20":{"start":{"line":21,"column":0},"end":{"line":21,"column":9}},"21":{"start":{"line":22,"column":0},"end":{"line":22,"column":5}},"22":{"start":{"line":23,"column":0},"end":{"line":23,"column":4}},"23":{"start":{"line":24,"column":0},"end":{"line":24,"column":45}},"24":{"start":{"line":25,"column":0},"end":{"line":25,"column":2}}},"s":{"0":1,"1":1,"2":1,"3":36,"4":21,"5":21,"6":15,"7":15,"8":15,"9":15,"10":15,"11":15,"12":15,"13":5,"14":15,"15":1,"16":15,"17":5,"18":15,"19":3,"20":15,"21":15,"22":1,"23":1,"24":1},"branchMap":{"0":{"type":"branch","line":3,"loc":{"start":{"line":3,"column":24},"end":{"line":25,"column":2}},"locations":[{"start":{"line":3,"column":24},"end":{"line":25,"column":2}}]},"1":{"type":"branch","line":4,"loc":{"start":{"line":4,"column":32},"end":{"line":6,"column":5}},"locations":[{"start":{"line":4,"column":32},"end":{"line":6,"column":5}}]},"2":{"type":"branch","line":7,"loc":{"start":{"line":7,"column":-1},"end":{"line":22,"column":5}},"locations":[{"start":{"line":7,"column":-1},"end":{"line":22,"column":5}}]},"3":{"type":"branch","line":13,"loc":{"start":{"line":13,"column":12},"end":{"line":14,"column":36}},"locations":[{"start":{"line":13,"column":12},"end":{"line":14,"column":36}}]},"4":{"type":"branch","line":15,"loc":{"start":{"line":15,"column":12},"end":{"line":16,"column":36}},"locations":[{"start":{"line":15,"column":12},"end":{"line":16,"column":36}}]},"5":{"type":"branch","line":17,"loc":{"start":{"line":17,"column":12},"end":{"line":18,"column":36}},"locations":[{"start":{"line":17,"column":12},"end":{"line":18,"column":36}}]},"6":{"type":"branch","line":19,"loc":{"start":{"line":19,"column":12},"end":{"line":20,"column":36}},"locations":[{"start":{"line":19,"column":12},"end":{"line":20,"column":36}}]},"7":{"type":"branch","line":23,"loc":{"start":{"line":23,"column":-1},"end":{"line":25,"column":2}},"locations":[{"start":{"line":23,"column":-1},"end":{"line":25,"column":2}}]}},"b":{"0":[36],"1":[21],"2":[15],"3":[5],"4":[1],"5":[5],"6":[3],"7":[1]},"fnMap":{"0":{"name":"evaluate","decl":{"start":{"line":3,"column":24},"end":{"line":25,"column":2}},"loc":{"start":{"line":3,"column":24},"end":{"line":25,"column":2}},"line":3}},"f":{"0":36}}
,"/home/brenno/projects/newlang/src/index.ts": {"path":"/home/brenno/projects/newlang/src/index.ts","all":false,"statementMap":{"0":{"start":{"line":1,"column":0},"end":{"line":1,"column":38}},"1":{"start":{"line":2,"column":0},"end":{"line":2,"column":33}},"2":{"start":{"line":3,"column":0},"end":{"line":3,"column":58}}},"s":{"0":1,"1":1,"2":1},"branchMap":{"0":{"type":"branch","line":1,"loc":{"start":{"line":1,"column":9},"end":{"line":1,"column":38}},"locations":[{"start":{"line":1,"column":9},"end":{"line":1,"column":38}}]},"1":{"type":"branch","line":2,"loc":{"start":{"line":2,"column":9},"end":{"line":2,"column":33}},"locations":[{"start":{"line":2,"column":9},"end":{"line":2,"column":33}}]},"2":{"type":"branch","line":3,"loc":{"start":{"line":3,"column":9},"end":{"line":3,"column":20}},"locations":[{"start":{"line":3,"column":9},"end":{"line":3,"column":20}}]},"3":{"type":"branch","line":3,"loc":{"start":{"line":3,"column":20},"end":{"line":3,"column":58}},"locations":[{"start":{"line":3,"column":20},"end":{"line":3,"column":58}}]}},"b":{"0":[6],"1":[12],"2":[17],"3":[1]},"fnMap":{"0":{"name":"get","decl":{"start":{"line":1,"column":9},"end":{"line":1,"column":38}},"loc":{"start":{"line":1,"column":9},"end":{"line":1,"column":38}},"line":1},"1":{"name":"get","decl":{"start":{"line":2,"column":9},"end":{"line":2,"column":33}},"loc":{"start":{"line":2,"column":9},"end":{"line":2,"column":33}},"line":2},"2":{"name":"get","decl":{"start":{"line":3,"column":9},"end":{"line":3,"column":20}},"loc":{"start":{"line":3,"column":9},"end":{"line":3,"column":20}},"line":3},"3":{"name":"get","decl":{"start":{"line":3,"column":20},"end":{"line":3,"column":58}},"loc":{"start":{"line":3,"column":20},"end":{"line":3,"column":58}},"line":3}},"f":{"0":6,"1":12,"2":17,"3":1}}
,"/home/brenno/projects/newlang/src/parser.ts": {"path":"/home/brenno/projects/newlang/src/parser.ts","all":false,"statementMap":{"0":{"start":{"line":1,"column":0},"end":{"line":1,"column":43}},"1":{"start":{"line":2,"column":0},"end":{"line":2,"column":0}},"2":{"start":{"line":3,"column":0},"end":{"line":3,"column":56}},"3":{"start":{"line":4,"column":0},"end":{"line":4,"column":48}},"4":{"start":{"line":5,"column":0},"end":{"line":5,"column":26}},"5":{"start":{"line":6,"column":0},"end":{"line":6,"column":0}},"6":{"start":{"line":7,"column":0},"end":{"line":7,"column":32}},"7":{"start":{"line":8,"column":0},"end":{"line":8,"column":84}},"8":{"start":{"line":9,"column":0},"end":{"line":9,"column":0}},"9":{"start":{"line":10,"column":0},"end":{"line":10,"column":32}},"10":{"start":{"line":11,"column":0},"end":{"line":11,"column":53}},"11":{"start":{"line":12,"column":0},"end":{"line":12,"column":4}},"12":{"start":{"line":13,"column":0},"end":{"line":13,"column":37}},"13":{"start":{"line":14,"column":0},"end":{"line":14,"column":1}},"14":{"start":{"line":15,"column":0},"end":{"line":15,"column":0}},"15":{"start":{"line":16,"column":0},"end":{"line":16,"column":71}},"16":{"start":{"line":17,"column":0},"end":{"line":17,"column":32}},"17":{"start":{"line":18,"column":0},"end":{"line":18,"column":0}},"18":{"start":{"line":19,"column":0},"end":{"line":19,"column":90}},"19":{"start":{"line":20,"column":0},"end":{"line":20,"column":0}},"20":{"start":{"line":21,"column":0},"end":{"line":21,"column":107}},"21":{"start":{"line":22,"column":0},"end":{"line":22,"column":0}},"22":{"start":{"line":23,"column":0},"end":{"line":23,"column":37}},"23":{"start":{"line":24,"column":0},"end":{"line":24,"column":0}},"24":{"start":{"line":25,"column":0},"end":{"line":25,"column":66}},"25":{"start":{"line":26,"column":0},"end":{"line":26,"column":31}},"26":{"start":{"line":27,"column":0},"end":{"line":27,"column":22}},"27":{"start":{"line":28,"column":0},"end":{"line":28,"column":28}},"28":{"start":{"line":29,"column":0},"end":{"line":29,"column":31}},"29":{"start":{"line":30,"column":0},"end":{"line":30,"column":24}},"30":{"start":{"line":31,"column":0},"end":{"line":31,"column":24}},"31":{"start":{"line":32,"column":0},"end":{"line":32,"column":32}},"32":{"start":{"line":33,"column":0},"end":{"line":33,"column":9}},"33":{"start":{"line":34,"column":0},"end":{"line":34,"column":20}},"34":{"start":{"line":35,"column":0},"end":{"line":35,"column":5}},"35":{"start":{"line":36,"column":0},"end":{"line":36,"column":0}},"36":{"start":{"line":37,"column":0},"end":{"line":37,"column":32}},"37":{"start":{"line":38,"column":0},"end":{"line":38,"column":24}},"38":{"start":{"line":39,"column":0},"end":{"line":39,"column":27}},"39":{"start":{"line":40,"column":0},"end":{"line":40,"column":20}},"40":{"start":{"line":41,"column":0},"end":{"line":41,"column":14}},"41":{"start":{"line":42,"column":0},"end":{"line":42,"column":28}},"42":{"start":{"line":43,"column":0},"end":{"line":43,"column":6}},"43":{"start":{"line":44,"column":0},"end":{"line":44,"column":1}},"44":{"start":{"line":45,"column":0},"end":{"line":45,"column":0}},"45":{"start":{"line":46,"column":0},"end":{"line":46,"column":69}},"46":{"start":{"line":47,"column":0},"end":{"line":47,"column":24}},"47":{"start":{"line":48,"column":0},"end":{"line":48,"column":0}},"48":{"start":{"line":49,"column":0},"end":{"line":49,"column":59}},"49":{"start":{"line":50,"column":0},"end":{"line":50,"column":0}},"50":{"start":{"line":51,"column":0},"end":{"line":51,"column":68}},"51":{"start":{"line":52,"column":0},"end":{"line":52,"column":0}},"52":{"start":{"line":53,"column":0},"end":{"line":53,"column":26}},"53":{"start":{"line":54,"column":0},"end":{"line":54,"column":0}},"54":{"start":{"line":55,"column":0},"end":{"line":55,"column":39}},"55":{"start":{"line":56,"column":0},"end":{"line":56,"column":1}},"56":{"start":{"line":57,"column":0},"end":{"line":57,"column":0}},"57":{"start":{"line":58,"column":0},"end":{"line":58,"column":59}},"58":{"start":{"line":59,"column":0},"end":{"line":59,"column":17}},"59":{"start":{"line":60,"column":0},"end":{"line":60,"column":0}},"60":{"start":{"line":61,"column":0},"end":{"line":61,"column":38}},"61":{"start":{"line":62,"column":0},"end":{"line":62,"column":0}},"62":{"start":{"line":63,"column":0},"end":{"line":63,"column":31}},"63":{"start":{"line":64,"column":0},"end":{"line":64,"column":58}},"64":{"start":{"line":65,"column":0},"end":{"line":65,"column":21}},"65":{"start":{"line":66,"column":0},"end":{"line":66,"column":46}},"66":{"start":{"line":67,"column":0},"end":{"line":67,"column":10}},"67":{"start":{"line":68,"column":0},"end":{"line":68,"column":0}},"68":{"start":{"line":69,"column":0},"end":{"line":69,"column":62}},"69":{"start":{"line":70,"column":0},"end":{"line":70,"column":0}},"70":{"start":{"line":71,"column":0},"end":{"line":71,"column":40}},"71":{"start":{"line":72,"column":0},"end":{"line":72,"column":0}},"72":{"start":{"line":73,"column":0},"end":{"line":73,"column":41}},"73":{"start":{"line":74,"column":0},"end":{"line":74,"column":5}},"74":{"start":{"line":75,"column":0},"end":{"line":75,"column":0}},"75":{"start":{"line":76,"column":0},"end":{"line":76,"column":25}},"76":{"start":{"line":77,"column":0},"end":{"line":77,"column":1}},"77":{"start":{"line":78,"column":0},"end":{"line":78,"column":0}},"78":{"start":{"line":79,"column":0},"end":{"line":79,"column":49}},"79":{"start":{"line":80,"column":0},"end":{"line":80,"column":47}},"80":{"start":{"line":81,"column":0},"end":{"line":81,"column":0}},"81":{"start":{"line":82,"column":0},"end":{"line":82,"column":38}},"82":{"start":{"line":83,"column":0},"end":{"line":83,"column":1}}},"s":{"0":1,"1":1,"2":1,"3":28,"4":28,"5":28,"6":28,"7":28,"8":27,"9":28,"10":28,"11":18,"12":18,"13":18,"14":1,"15":1,"16":21,"17":21,"18":21,"19":19,"20":21,"21":18,"22":18,"23":18,"24":21,"25":6,"26":6,"27":6,"28":6,"29":6,"30":6,"31":6,"32":6,"33":6,"34":6,"35":11,"36":11,"37":11,"38":11,"39":11,"40":11,"41":11,"42":11,"43":11,"44":1,"45":1,"46":59,"47":59,"48":59,"49":32,"50":59,"51":13,"52":59,"53":2,"54":2,"55":2,"56":1,"57":1,"58":12,"59":12,"60":12,"61":12,"62":12,"63":61,"64":19,"65":19,"66":19,"67":61,"68":61,"69":61,"70":61,"71":61,"72":61,"73":61,"74":12,"75":12,"76":12,"77":1,"78":1,"79":12,"80":12,"81":12,"82":12},"branchMap":{"0":{"type":"branch","line":3,"loc":{"start":{"line":3,"column":28},"end":{"line":14,"column":1}},"locations":[{"start":{"line":3,"column":28},"end":{"line":14,"column":1}}]},"1":{"type":"branch","line":7,"loc":{"start":{"line":7,"column":12},"end":{"line":7,"column":14}},"locations":[{"start":{"line":7,"column":12},"end":{"line":7,"column":14}}]},"2":{"type":"branch","line":8,"loc":{"start":{"line":8,"column":8},"end":{"line":8,"column":84}},"locations":[{"start":{"line":8,"column":8},"end":{"line":8,"column":84}}]},"3":{"type":"branch","line":9,"loc":{"start":{"line":9,"column":-1},"end":{"line":10,"column":13}},"locations":[{"start":{"line":9,"column":-1},"end":{"line":10,"column":13}}]},"4":{"type":"branch","line":10,"loc":{"start":{"line":10,"column":11},"end":{"line":10,"column":13}},"locations":[{"start":{"line":10,"column":11},"end":{"line":10,"column":13}}]},"5":{"type":"branch","line":10,"loc":{"start":{"line":10,"column":11},"end":{"line":10,"column":16}},"locations":[{"start":{"line":10,"column":11},"end":{"line":10,"column":16}}]},"6":{"type":"branch","line":11,"loc":{"start":{"line":11,"column":8},"end":{"line":11,"column":53}},"locations":[{"start":{"line":11,"column":8},"end":{"line":11,"column":53}}]},"7":{"type":"branch","line":12,"loc":{"start":{"line":12,"column":-1},"end":{"line":14,"column":1}},"locations":[{"start":{"line":12,"column":-1},"end":{"line":14,"column":1}}]},"8":{"type":"branch","line":16,"loc":{"start":{"line":16,"column":29},"end":{"line":44,"column":1}},"locations":[{"start":{"line":16,"column":29},"end":{"line":44,"column":1}}]},"9":{"type":"branch","line":19,"loc":{"start":{"line":19,"column":15},"end":{"line":19,"column":90}},"locations":[{"start":{"line":19,"column":15},"end":{"line":19,"column":90}}]},"10":{"type":"branch","line":20,"loc":{"start":{"line":20,"column":-1},"end":{"line":21,"column":14}},"locations":[{"start":{"line":20,"column":-1},"end":{"line":21,"column":14}}]},"11":{"type":"branch","line":21,"loc":{"start":{"line":21,"column":12},"end":{"line":21,"column":14}},"locations":[{"start":{"line":21,"column":12},"end":{"line":21,"column":14}}]},"12":{"type":"branch","line":21,"loc":{"start":{"line":21,"column":12},"end":{"line":21,"column":17}},"locations":[{"start":{"line":21,"column":12},"end":{"line":21,"column":17}}]},"13":{"type":"branch","line":21,"loc":{"start":{"line":21,"column":34},"end":{"line":21,"column":107}},"locations":[{"start":{"line":21,"column":34},"end":{"line":21,"column":107}}]},"14":{"type":"branch","line":22,"loc":{"start":{"line":22,"column":-1},"end":{"line":25,"column":35}},"locations":[{"start":{"line":22,"column":-1},"end":{"line":25,"column":35}}]},"15":{"type":"branch","line":25,"loc":{"start":{"line":25,"column":31},"end":{"line":25,"column":63}},"locations":[{"start":{"line":25,"column":31},"end":{"line":25,"column":63}}]},"16":{"type":"branch","line":25,"loc":{"start":{"line":25,"column":40},"end":{"line":25,"column":42}},"locations":[{"start":{"line":25,"column":40},"end":{"line":25,"column":42}}]},"17":{"type":"branch","line":25,"loc":{"start":{"line":25,"column":65},"end":{"line":35,"column":5}},"locations":[{"start":{"line":25,"column":65},"end":{"line":35,"column":5}}]},"18":{"type":"branch","line":36,"loc":{"start":{"line":36,"column":-1},"end":{"line":44,"column":1}},"locations":[{"start":{"line":36,"column":-1},"end":{"line":44,"column":1}}]},"19":{"type":"branch","line":46,"loc":{"start":{"line":46,"column":27},"end":{"line":56,"column":1}},"locations":[{"start":{"line":46,"column":27},"end":{"line":56,"column":1}}]},"20":{"type":"branch","line":49,"loc":{"start":{"line":49,"column":11},"end":{"line":49,"column":13}},"locations":[{"start":{"line":49,"column":11},"end":{"line":49,"column":13}}]},"21":{"type":"branch","line":49,"loc":{"start":{"line":49,"column":11},"end":{"line":49,"column":16}},"locations":[{"start":{"line":49,"column":11},"end":{"line":49,"column":16}}]},"22":{"type":"branch","line":49,"loc":{"start":{"line":49,"column":32},"end":{"line":49,"column":59}},"locations":[{"start":{"line":49,"column":32},"end":{"line":49,"column":59}}]},"23":{"type":"branch","line":50,"loc":{"start":{"line":50,"column":-1},"end":{"line":51,"column":13}},"locations":[{"start":{"line":50,"column":-1},"end":{"line":51,"column":13}}]},"24":{"type":"branch","line":51,"loc":{"start":{"line":51,"column":11},"end":{"line":51,"column":13}},"locations":[{"start":{"line":51,"column":11},"end":{"line":51,"column":13}}]},"25":{"type":"branch","line":51,"loc":{"start":{"line":51,"column":11},"end":{"line":51,"column":16}},"locations":[{"start":{"line":51,"column":11},"end":{"line":51,"column":16}}]},"26":{"type":"branch","line":51,"loc":{"start":{"line":51,"column":33},"end":{"line":51,"column":68}},"locations":[{"start":{"line":51,"column":33},"end":{"line":51,"column":68}}]},"27":{"type":"branch","line":52,"loc":{"start":{"line":52,"column":-1},"end":{"line":53,"column":21}},"locations":[{"start":{"line":52,"column":-1},"end":{"line":53,"column":21}}]},"28":{"type":"branch","line":53,"loc":{"start":{"line":53,"column":14},"end":{"line":53,"column":26}},"locations":[{"start":{"line":53,"column":14},"end":{"line":53,"column":26}}]},"29":{"type":"branch","line":54,"loc":{"start":{"line":54,"column":-1},"end":{"line":56,"column":1}},"locations":[{"start":{"line":54,"column":-1},"end":{"line":56,"column":1}}]},"30":{"type":"branch","line":58,"loc":{"start":{"line":58,"column":28},"end":{"line":77,"column":1}},"locations":[{"start":{"line":58,"column":28},"end":{"line":77,"column":1}}]},"31":{"type":"branch","line":63,"loc":{"start":{"line":63,"column":30},"end":{"line":74,"column":5}},"locations":[{"start":{"line":63,"column":30},"end":{"line":74,"column":5}}]},"32":{"type":"branch","line":64,"loc":{"start":{"line":64,"column":37},"end":{"line":67,"column":10}},"locations":[{"start":{"line":64,"column":37},"end":{"line":67,"column":10}}]},"33":{"type":"branch","line":69,"loc":{"start":{"line":69,"column":36},"end":{"line":69,"column":62}},"locations":[{"start":{"line":69,"column":36},"end":{"line":69,"column":62}}]},"34":{"type":"branch","line":71,"loc":{"start":{"line":71,"column":33},"end":{"line":71,"column":40}},"locations":[{"start":{"line":71,"column":33},"end":{"line":71,"column":40}}]},"35":{"type":"branch","line":73,"loc":{"start":{"line":73,"column":34},"end":{"line":73,"column":41}},"locations":[{"start":{"line":73,"column":34},"end":{"line":73,"column":41}}]},"36":{"type":"branch","line":79,"loc":{"start":{"line":79,"column":21},"end":{"line":83,"column":1}},"locations":[{"start":{"line":79,"column":21},"end":{"line":83,"column":1}}]}},"b":{"0":[28],"1":[0],"2":[1],"3":[27],"4":[9],"5":[18],"6":[9],"7":[18],"8":[21],"9":[2],"10":[19],"11":[0],"12":[19],"13":[1],"14":[18],"15":[10],"16":[0],"17":[6],"18":[11],"19":[59],"20":[13],"21":[46],"22":[27],"23":[32],"24":[13],"25":[19],"26":[19],"27":[13],"28":[11],"29":[2],"30":[12],"31":[61],"32":[19],"33":[28],"34":[7],"35":[7],"36":[12]},"fnMap":{"0":{"name":"parseLiteral","decl":{"start":{"line":3,"column":28},"end":{"line":14,"column":1}},"loc":{"start":{"line":3,"column":28},"end":{"line":14,"column":1}},"line":3},"1":{"name":"parseOperator","decl":{"start":{"line":16,"column":29},"end":{"line":44,"column":1}},"loc":{"start":{"line":16,"column":29},"end":{"line":44,"column":1}},"line":16},"2":{"name":"parseTokens","decl":{"start":{"line":46,"column":27},"end":{"line":56,"column":1}},"loc":{"start":{"line":46,"column":27},"end":{"line":56,"column":1}},"line":46},"3":{"name":"adjustTokens","decl":{"start":{"line":58,"column":28},"end":{"line":77,"column":1}},"loc":{"start":{"line":58,"column":28},"end":{"line":77,"column":1}},"line":58},"4":{"name":"parse","decl":{"start":{"line":79,"column":21},"end":{"line":83,"column":1}},"loc":{"start":{"line":79,"column":21},"end":{"line":83,"column":1}},"line":79}},"f":{"0":28,"1":21,"2":59,"3":12,"4":12}}
,"/home/brenno/projects/newlang/src/tokenizer.ts": {"path":"/home/brenno/projects/newlang/src/tokenizer.ts","all":false,"statementMap":{"0":{"start":{"line":1,"column":0},"end":{"line":1,"column":37}},"1":{"start":{"line":2,"column":0},"end":{"line":2,"column":0}},"2":{"start":{"line":3,"column":0},"end":{"line":3,"column":41}},"3":{"start":{"line":4,"column":0},"end":{"line":4,"column":0}},"4":{"start":{"line":5,"column":0},"end":{"line":5,"column":18}},"5":{"start":{"line":6,"column":0},"end":{"line":6,"column":53}},"6":{"start":{"line":7,"column":0},"end":{"line":7,"column":2}},"7":{"start":{"line":8,"column":0},"end":{"line":8,"column":0}},"8":{"start":{"line":9,"column":0},"end":{"line":9,"column":66}},"9":{"start":{"line":10,"column":0},"end":{"line":10,"column":26}},"10":{"start":{"line":11,"column":0},"end":{"line":11,"column":17}},"11":{"start":{"line":12,"column":0},"end":{"line":12,"column":65}},"12":{"start":{"line":13,"column":0},"end":{"line":13,"column":17}},"13":{"start":{"line":14,"column":0},"end":{"line":14,"column":65}},"14":{"start":{"line":15,"column":0},"end":{"line":15,"column":17}},"15":{"start":{"line":16,"column":0},"end":{"line":16,"column":65}},"16":{"start":{"line":17,"column":0},"end":{"line":17,"column":17}},"17":{"start":{"line":18,"column":0},"end":{"line":18,"column":64}},"18":{"start":{"line":19,"column":0},"end":{"line":19,"column":16}},"19":{"start":{"line":20,"column":0},"end":{"line":20,"column":56}},"20":{"start":{"line":21,"column":0},"end":{"line":21,"column":5}},"21":{"start":{"line":22,"column":0},"end":{"line":22,"column":1}},"22":{"start":{"line":23,"column":0},"end":{"line":23,"column":0}},"23":{"start":{"line":24,"column":0},"end":{"line":24,"column":55}},"24":{"start":{"line":25,"column":0},"end":{"line":25,"column":31}},"25":{"start":{"line":26,"column":0},"end":{"line":26,"column":4}},"26":{"start":{"line":27,"column":0},"end":{"line":27,"column":34}},"27":{"start":{"line":28,"column":0},"end":{"line":28,"column":0}},"28":{"start":{"line":29,"column":0},"end":{"line":29,"column":41}},"29":{"start":{"line":30,"column":0},"end":{"line":30,"column":37}},"30":{"start":{"line":31,"column":0},"end":{"line":31,"column":34}},"31":{"start":{"line":32,"column":0},"end":{"line":32,"column":21}},"32":{"start":{"line":33,"column":0},"end":{"line":33,"column":9}},"33":{"start":{"line":34,"column":0},"end":{"line":34,"column":0}},"34":{"start":{"line":35,"column":0},"end":{"line":35,"column":31}},"35":{"start":{"line":36,"column":0},"end":{"line":36,"column":80}},"36":{"start":{"line":37,"column":0},"end":{"line":37,"column":28}},"37":{"start":{"line":38,"column":0},"end":{"line":38,"column":9}},"38":{"start":{"line":39,"column":0},"end":{"line":39,"column":0}},"39":{"start":{"line":40,"column":0},"end":{"line":40,"column":34}},"40":{"start":{"line":41,"column":0},"end":{"line":41,"column":0}},"41":{"start":{"line":42,"column":0},"end":{"line":42,"column":38}},"42":{"start":{"line":43,"column":0},"end":{"line":43,"column":48}},"43":{"start":{"line":44,"column":0},"end":{"line":44,"column":21}},"44":{"start":{"line":45,"column":0},"end":{"line":45,"column":9}},"45":{"start":{"line":46,"column":0},"end":{"line":46,"column":0}},"46":{"start":{"line":47,"column":0},"end":{"line":47,"column":26}},"47":{"start":{"line":48,"column":0},"end":{"line":48,"column":42}},"48":{"start":{"line":49,"column":0},"end":{"line":49,"column":21}},"49":{"start":{"line":50,"column":0},"end":{"line":50,"column":9}},"50":{"start":{"line":51,"column":0},"end":{"line":51,"column":0}},"51":{"start":{"line":52,"column":0},"end":{"line":52,"column":26}},"52":{"start":{"line":53,"column":0},"end":{"line":53,"column":41}},"53":{"start":{"line":54,"column":0},"end":{"line":54,"column":21}},"54":{"start":{"line":55,"column":0},"end":{"line":55,"column":9}},"55":{"start":{"line":56,"column":0},"end":{"line":56,"column":5}},"56":{"start":{"line":57,"column":0},"end":{"line":57,"column":0}},"57":{"start":{"line":58,"column":0},"end":{"line":58,"column":25}},"58":{"start":{"line":59,"column":0},"end":{"line":59,"column":76}},"59":{"start":{"line":60,"column":0},"end":{"line":60,"column":0}},"60":{"start":{"line":61,"column":0},"end":{"line":61,"column":28}},"61":{"start":{"line":62,"column":0},"end":{"line":62,"column":1}}},"s":{"0":1,"1":1,"2":1,"3":1,"4":1,"5":1,"6":1,"7":1,"8":1,"9":26,"10":26,"11":12,"12":26,"13":2,"14":26,"15":7,"16":26,"17":4,"18":26,"19":1,"20":26,"21":26,"22":1,"23":1,"24":17,"25":17,"26":17,"27":17,"28":17,"29":129,"30":38,"31":38,"32":38,"33":91,"34":129,"35":28,"36":28,"37":28,"38":91,"39":91,"40":45,"41":129,"42":25,"43":25,"44":25,"45":20,"46":129,"47":10,"48":10,"49":10,"50":10,"51":10,"52":10,"53":10,"54":10,"55":129,"56":17,"57":17,"58":17,"59":17,"60":17,"61":17},"branchMap":{"0":{"type":"branch","line":9,"loc":{"start":{"line":9,"column":32},"end":{"line":22,"column":1}},"locations":[{"start":{"line":9,"column":32},"end":{"line":22,"column":1}}]},"1":{"type":"branch","line":11,"loc":{"start":{"line":11,"column":8},"end":{"line":12,"column":65}},"locations":[{"start":{"line":11,"column":8},"end":{"line":12,"column":65}}]},"2":{"type":"branch","line":13,"loc":{"start":{"line":13,"column":8},"end":{"line":14,"column":65}},"locations":[{"start":{"line":13,"column":8},"end":{"line":14,"column":65}}]},"3":{"type":"branch","line":15,"loc":{"start":{"line":15,"column":8},"end":{"line":16,"column":65}},"locations":[{"start":{"line":15,"column":8},"end":{"line":16,"column":65}}]},"4":{"type":"branch","line":17,"loc":{"start":{"line":17,"column":8},"end":{"line":18,"column":64}},"locations":[{"start":{"line":17,"column":8},"end":{"line":18,"column":64}}]},"5":{"type":"branch","line":19,"loc":{"start":{"line":19,"column":8},"end":{"line":20,"column":56}},"locations":[{"start":{"line":19,"column":8},"end":{"line":20,"column":56}}]},"6":{"type":"branch","line":24,"loc":{"start":{"line":24,"column":25},"end":{"line":62,"column":1}},"locations":[{"start":{"line":24,"column":25},"end":{"line":62,"column":1}}]},"7":{"type":"branch","line":29,"loc":{"start":{"line":29,"column":40},"end":{"line":56,"column":5}},"locations":[{"start":{"line":29,"column":40},"end":{"line":56,"column":5}}]},"8":{"type":"branch","line":30,"loc":{"start":{"line":30,"column":36},"end":{"line":33,"column":9}},"locations":[{"start":{"line":30,"column":36},"end":{"line":33,"column":9}}]},"9":{"type":"branch","line":34,"loc":{"start":{"line":34,"column":-1},"end":{"line":35,"column":30}},"locations":[{"start":{"line":34,"column":-1},"end":{"line":35,"column":30}}]},"10":{"type":"branch","line":35,"loc":{"start":{"line":35,"column":30},"end":{"line":38,"column":9}},"locations":[{"start":{"line":35,"column":30},"end":{"line":38,"column":9}}]},"11":{"type":"branch","line":39,"loc":{"start":{"line":39,"column":-1},"end":{"line":40,"column":34}},"locations":[{"start":{"line":39,"column":-1},"end":{"line":40,"column":34}}]},"12":{"type":"branch","line":40,"loc":{"start":{"line":40,"column":25},"end":{"line":40,"column":34}},"locations":[{"start":{"line":40,"column":25},"end":{"line":40,"column":34}}]},"13":{"type":"branch","line":41,"loc":{"start":{"line":41,"column":-1},"end":{"line":42,"column":37}},"locations":[{"start":{"line":41,"column":-1},"end":{"line":42,"column":37}}]},"14":{"type":"branch","line":42,"loc":{"start":{"line":42,"column":37},"end":{"line":45,"column":9}},"locations":[{"start":{"line":42,"column":37},"end":{"line":45,"column":9}}]},"15":{"type":"branch","line":46,"loc":{"start":{"line":46,"column":-1},"end":{"line":47,"column":25}},"locations":[{"start":{"line":46,"column":-1},"end":{"line":47,"column":25}}]},"16":{"type":"branch","line":47,"loc":{"start":{"line":47,"column":25},"end":{"line":55,"column":9}},"locations":[{"start":{"line":47,"column":25},"end":{"line":55,"column":9}}]},"17":{"type":"branch","line":59,"loc":{"start":{"line":59,"column":8},"end":{"line":59,"column":76}},"locations":[{"start":{"line":59,"column":8},"end":{"line":59,"column":76}}]}},"b":{"0":[26],"1":[12],"2":[2],"3":[7],"4":[4],"5":[1],"6":[17],"7":[129],"8":[38],"9":[91],"10":[28],"11":[91],"12":[46],"13":[45],"14":[25],"15":[20],"16":[10],"17":[10]},"fnMap":{"0":{"name":"tokenizeOperator","decl":{"start":{"line":9,"column":32},"end":{"line":22,"column":1}},"loc":{"start":{"line":9,"column":32},"end":{"line":22,"column":1}},"line":9},"1":{"name":"tokenizer","decl":{"start":{"line":24,"column":25},"end":{"line":62,"column":1}},"loc":{"start":{"line":24,"column":25},"end":{"line":62,"column":1}},"line":24}},"f":{"0":26,"1":17}}
}
