{"/home/brenno/projects/newlang/src/index.ts": {"path":"/home/brenno/projects/newlang/src/index.ts","all":false,"statementMap":{"0":{"start":{"line":1,"column":0},"end":{"line":1,"column":2}},"1":{"start":{"line":2,"column":0},"end":{"line":2,"column":14}},"2":{"start":{"line":3,"column":0},"end":{"line":3,"column":11}},"3":{"start":{"line":4,"column":0},"end":{"line":4,"column":0}},"4":{"start":{"line":5,"column":0},"end":{"line":5,"column":34}},"5":{"start":{"line":6,"column":0},"end":{"line":6,"column":11}},"6":{"start":{"line":7,"column":0},"end":{"line":7,"column":0}},"7":{"start":{"line":8,"column":0},"end":{"line":8,"column":21}},"8":{"start":{"line":9,"column":0},"end":{"line":9,"column":12}},"9":{"start":{"line":10,"column":0},"end":{"line":10,"column":0}},"10":{"start":{"line":11,"column":0},"end":{"line":11,"column":27}},"11":{"start":{"line":12,"column":0},"end":{"line":12,"column":13}},"12":{"start":{"line":13,"column":0},"end":{"line":13,"column":0}},"13":{"start":{"line":14,"column":0},"end":{"line":14,"column":24}},"14":{"start":{"line":15,"column":0},"end":{"line":15,"column":28}},"15":{"start":{"line":16,"column":0},"end":{"line":16,"column":30}},"16":{"start":{"line":17,"column":0},"end":{"line":17,"column":31}},"17":{"start":{"line":18,"column":0},"end":{"line":18,"column":37}},"18":{"start":{"line":19,"column":0},"end":{"line":19,"column":2}},"19":{"start":{"line":20,"column":0},"end":{"line":20,"column":0}},"20":{"start":{"line":21,"column":0},"end":{"line":21,"column":49}},"21":{"start":{"line":22,"column":0},"end":{"line":22,"column":32}},"22":{"start":{"line":23,"column":0},"end":{"line":23,"column":24}},"23":{"start":{"line":24,"column":0},"end":{"line":24,"column":5}},"24":{"start":{"line":25,"column":0},"end":{"line":25,"column":0}},"25":{"start":{"line":26,"column":0},"end":{"line":26,"column":34}},"26":{"start":{"line":27,"column":0},"end":{"line":27,"column":41}},"27":{"start":{"line":28,"column":0},"end":{"line":28,"column":43}},"28":{"start":{"line":29,"column":0},"end":{"line":29,"column":4}},"29":{"start":{"line":30,"column":0},"end":{"line":30,"column":29}},"30":{"start":{"line":31,"column":0},"end":{"line":31,"column":24}},"31":{"start":{"line":32,"column":0},"end":{"line":32,"column":36}},"32":{"start":{"line":33,"column":0},"end":{"line":33,"column":24}},"33":{"start":{"line":34,"column":0},"end":{"line":34,"column":36}},"34":{"start":{"line":35,"column":0},"end":{"line":35,"column":24}},"35":{"start":{"line":36,"column":0},"end":{"line":36,"column":36}},"36":{"start":{"line":37,"column":0},"end":{"line":37,"column":23}},"37":{"start":{"line":38,"column":0},"end":{"line":38,"column":36}},"38":{"start":{"line":39,"column":0},"end":{"line":39,"column":9}},"39":{"start":{"line":40,"column":0},"end":{"line":40,"column":5}},"40":{"start":{"line":41,"column":0},"end":{"line":41,"column":4}},"41":{"start":{"line":42,"column":0},"end":{"line":42,"column":45}},"42":{"start":{"line":43,"column":0},"end":{"line":43,"column":2}},"43":{"start":{"line":44,"column":0},"end":{"line":44,"column":0}},"44":{"start":{"line":45,"column":0},"end":{"line":45,"column":12}},"45":{"start":{"line":46,"column":0},"end":{"line":46,"column":65}},"46":{"start":{"line":47,"column":0},"end":{"line":47,"column":37}},"47":{"start":{"line":48,"column":0},"end":{"line":48,"column":21}},"48":{"start":{"line":49,"column":0},"end":{"line":49,"column":0}},"49":{"start":{"line":50,"column":0},"end":{"line":50,"column":49}},"50":{"start":{"line":51,"column":0},"end":{"line":51,"column":39}},"51":{"start":{"line":52,"column":0},"end":{"line":52,"column":0}},"52":{"start":{"line":53,"column":0},"end":{"line":53,"column":48}},"53":{"start":{"line":54,"column":0},"end":{"line":54,"column":4}},"54":{"start":{"line":55,"column":0},"end":{"line":55,"column":32}},"55":{"start":{"line":56,"column":0},"end":{"line":56,"column":4}},"56":{"start":{"line":57,"column":0},"end":{"line":57,"column":34}},"57":{"start":{"line":58,"column":0},"end":{"line":58,"column":53}},"58":{"start":{"line":59,"column":0},"end":{"line":59,"column":50}},"59":{"start":{"line":60,"column":0},"end":{"line":60,"column":49}},"60":{"start":{"line":61,"column":0},"end":{"line":61,"column":5}},"61":{"start":{"line":62,"column":0},"end":{"line":62,"column":31}},"62":{"start":{"line":63,"column":0},"end":{"line":63,"column":29}},"63":{"start":{"line":64,"column":0},"end":{"line":64,"column":35}},"64":{"start":{"line":65,"column":0},"end":{"line":65,"column":28}},"65":{"start":{"line":66,"column":0},"end":{"line":66,"column":36}},"66":{"start":{"line":67,"column":0},"end":{"line":67,"column":0}},"67":{"start":{"line":68,"column":0},"end":{"line":68,"column":95}},"68":{"start":{"line":69,"column":0},"end":{"line":69,"column":0}},"69":{"start":{"line":70,"column":0},"end":{"line":70,"column":70}},"70":{"start":{"line":71,"column":0},"end":{"line":71,"column":5}},"71":{"start":{"line":72,"column":0},"end":{"line":72,"column":32}},"72":{"start":{"line":73,"column":0},"end":{"line":73,"column":72}},"73":{"start":{"line":74,"column":0},"end":{"line":74,"column":5}},"74":{"start":{"line":75,"column":0},"end":{"line":75,"column":4}},"75":{"start":{"line":76,"column":0},"end":{"line":76,"column":32}},"76":{"start":{"line":77,"column":0},"end":{"line":77,"column":0}},"77":{"start":{"line":78,"column":0},"end":{"line":78,"column":75}},"78":{"start":{"line":79,"column":0},"end":{"line":79,"column":16}},"79":{"start":{"line":80,"column":0},"end":{"line":80,"column":1}},"80":{"start":{"line":81,"column":0},"end":{"line":81,"column":0}},"81":{"start":{"line":82,"column":0},"end":{"line":82,"column":13}},"82":{"start":{"line":83,"column":0},"end":{"line":83,"column":39}},"83":{"start":{"line":84,"column":0},"end":{"line":84,"column":66}},"84":{"start":{"line":85,"column":0},"end":{"line":85,"column":21}},"85":{"start":{"line":86,"column":0},"end":{"line":86,"column":23}},"86":{"start":{"line":87,"column":0},"end":{"line":87,"column":0}},"87":{"start":{"line":88,"column":0},"end":{"line":88,"column":41}},"88":{"start":{"line":89,"column":0},"end":{"line":89,"column":0}},"89":{"start":{"line":90,"column":0},"end":{"line":90,"column":18}},"90":{"start":{"line":91,"column":0},"end":{"line":91,"column":53}},"91":{"start":{"line":92,"column":0},"end":{"line":92,"column":2}},"92":{"start":{"line":93,"column":0},"end":{"line":93,"column":0}},"93":{"start":{"line":94,"column":0},"end":{"line":94,"column":66}},"94":{"start":{"line":95,"column":0},"end":{"line":95,"column":26}},"95":{"start":{"line":96,"column":0},"end":{"line":96,"column":17}},"96":{"start":{"line":97,"column":0},"end":{"line":97,"column":54}},"97":{"start":{"line":98,"column":0},"end":{"line":98,"column":17}},"98":{"start":{"line":99,"column":0},"end":{"line":99,"column":54}},"99":{"start":{"line":100,"column":0},"end":{"line":100,"column":17}},"100":{"start":{"line":101,"column":0},"end":{"line":101,"column":54}},"101":{"start":{"line":102,"column":0},"end":{"line":102,"column":17}},"102":{"start":{"line":103,"column":0},"end":{"line":103,"column":53}},"103":{"start":{"line":104,"column":0},"end":{"line":104,"column":16}},"104":{"start":{"line":105,"column":0},"end":{"line":105,"column":56}},"105":{"start":{"line":106,"column":0},"end":{"line":106,"column":5}},"106":{"start":{"line":107,"column":0},"end":{"line":107,"column":1}},"107":{"start":{"line":108,"column":0},"end":{"line":108,"column":0}},"108":{"start":{"line":109,"column":0},"end":{"line":109,"column":55}},"109":{"start":{"line":110,"column":0},"end":{"line":110,"column":31}},"110":{"start":{"line":111,"column":0},"end":{"line":111,"column":4}},"111":{"start":{"line":112,"column":0},"end":{"line":112,"column":34}},"112":{"start":{"line":113,"column":0},"end":{"line":113,"column":0}},"113":{"start":{"line":114,"column":0},"end":{"line":114,"column":41}},"114":{"start":{"line":115,"column":0},"end":{"line":115,"column":37}},"115":{"start":{"line":116,"column":0},"end":{"line":116,"column":34}},"116":{"start":{"line":117,"column":0},"end":{"line":117,"column":21}},"117":{"start":{"line":118,"column":0},"end":{"line":118,"column":9}},"118":{"start":{"line":119,"column":0},"end":{"line":119,"column":0}},"119":{"start":{"line":120,"column":0},"end":{"line":120,"column":31}},"120":{"start":{"line":121,"column":0},"end":{"line":121,"column":80}},"121":{"start":{"line":122,"column":0},"end":{"line":122,"column":28}},"122":{"start":{"line":123,"column":0},"end":{"line":123,"column":9}},"123":{"start":{"line":124,"column":0},"end":{"line":124,"column":0}},"124":{"start":{"line":125,"column":0},"end":{"line":125,"column":34}},"125":{"start":{"line":126,"column":0},"end":{"line":126,"column":0}},"126":{"start":{"line":127,"column":0},"end":{"line":127,"column":38}},"127":{"start":{"line":128,"column":0},"end":{"line":128,"column":48}},"128":{"start":{"line":129,"column":0},"end":{"line":129,"column":21}},"129":{"start":{"line":130,"column":0},"end":{"line":130,"column":9}},"130":{"start":{"line":131,"column":0},"end":{"line":131,"column":0}},"131":{"start":{"line":132,"column":0},"end":{"line":132,"column":26}},"132":{"start":{"line":133,"column":0},"end":{"line":133,"column":41}},"133":{"start":{"line":134,"column":0},"end":{"line":134,"column":21}},"134":{"start":{"line":135,"column":0},"end":{"line":135,"column":9}},"135":{"start":{"line":136,"column":0},"end":{"line":136,"column":0}},"136":{"start":{"line":137,"column":0},"end":{"line":137,"column":26}},"137":{"start":{"line":138,"column":0},"end":{"line":138,"column":42}},"138":{"start":{"line":139,"column":0},"end":{"line":139,"column":21}},"139":{"start":{"line":140,"column":0},"end":{"line":140,"column":9}},"140":{"start":{"line":141,"column":0},"end":{"line":141,"column":5}},"141":{"start":{"line":142,"column":0},"end":{"line":142,"column":0}},"142":{"start":{"line":143,"column":0},"end":{"line":143,"column":25}},"143":{"start":{"line":144,"column":0},"end":{"line":144,"column":76}},"144":{"start":{"line":145,"column":0},"end":{"line":145,"column":0}},"145":{"start":{"line":146,"column":0},"end":{"line":146,"column":18}},"146":{"start":{"line":147,"column":0},"end":{"line":147,"column":1}},"147":{"start":{"line":148,"column":0},"end":{"line":148,"column":0}},"148":{"start":{"line":149,"column":0},"end":{"line":149,"column":2}},"149":{"start":{"line":150,"column":0},"end":{"line":150,"column":53}},"150":{"start":{"line":151,"column":0},"end":{"line":151,"column":53}},"151":{"start":{"line":152,"column":0},"end":{"line":152,"column":55}},"152":{"start":{"line":153,"column":0},"end":{"line":153,"column":53}},"153":{"start":{"line":154,"column":0},"end":{"line":154,"column":53}},"154":{"start":{"line":155,"column":0},"end":{"line":155,"column":2}}},"s":{"0":1,"1":1,"2":1,"3":1,"4":1,"5":1,"6":1,"7":1,"8":1,"9":1,"10":1,"11":1,"12":1,"13":1,"14":1,"15":1,"16":1,"17":1,"18":1,"19":1,"20":1,"21":13,"22":8,"23":8,"24":5,"25":5,"26":5,"27":5,"28":5,"29":5,"30":5,"31":1,"32":5,"33":1,"34":5,"35":1,"36":5,"37":1,"38":5,"39":5,"40":1,"41":1,"42":1,"43":1,"44":1,"45":1,"46":1,"47":1,"48":1,"49":1,"50":20,"51":20,"52":20,"53":19,"54":19,"55":19,"56":20,"57":14,"58":14,"59":14,"60":14,"61":20,"62":4,"63":4,"64":4,"65":2,"66":2,"67":4,"68":1,"69":1,"70":1,"71":20,"72":1,"73":1,"74":6,"75":6,"76":6,"77":6,"78":6,"79":6,"80":1,"81":1,"82":1,"83":1,"84":1,"85":1,"86":1,"87":1,"88":1,"89":1,"90":1,"91":1,"92":1,"93":1,"94":13,"95":13,"96":5,"97":13,"98":2,"99":13,"100":3,"101":13,"102":2,"103":13,"104":1,"105":13,"106":13,"107":1,"108":1,"109":8,"110":8,"111":8,"112":8,"113":8,"114":68,"115":20,"116":20,"117":20,"118":48,"119":68,"120":16,"121":16,"122":16,"123":48,"124":48,"125":24,"126":68,"127":12,"128":12,"129":12,"130":12,"131":68,"132":6,"133":6,"134":6,"135":6,"136":6,"137":6,"138":6,"139":6,"140":68,"141":8,"142":8,"143":8,"144":8,"145":8,"146":8,"147":1,"148":1,"149":1,"150":1,"151":1,"152":1,"153":1,"154":1},"branchMap":{"0":{"type":"branch","line":21,"loc":{"start":{"line":21,"column":24},"end":{"line":43,"column":2}},"locations":[{"start":{"line":21,"column":24},"end":{"line":43,"column":2}}]},"1":{"type":"branch","line":22,"loc":{"start":{"line":22,"column":31},"end":{"line":24,"column":5}},"locations":[{"start":{"line":22,"column":31},"end":{"line":24,"column":5}}]},"2":{"type":"branch","line":25,"loc":{"start":{"line":25,"column":-1},"end":{"line":40,"column":5}},"locations":[{"start":{"line":25,"column":-1},"end":{"line":40,"column":5}}]},"3":{"type":"branch","line":31,"loc":{"start":{"line":31,"column":12},"end":{"line":32,"column":36}},"locations":[{"start":{"line":31,"column":12},"end":{"line":32,"column":36}}]},"4":{"type":"branch","line":33,"loc":{"start":{"line":33,"column":12},"end":{"line":34,"column":36}},"locations":[{"start":{"line":33,"column":12},"end":{"line":34,"column":36}}]},"5":{"type":"branch","line":35,"loc":{"start":{"line":35,"column":12},"end":{"line":36,"column":36}},"locations":[{"start":{"line":35,"column":12},"end":{"line":36,"column":36}}]},"6":{"type":"branch","line":37,"loc":{"start":{"line":37,"column":12},"end":{"line":38,"column":36}},"locations":[{"start":{"line":37,"column":12},"end":{"line":38,"column":36}}]},"7":{"type":"branch","line":41,"loc":{"start":{"line":41,"column":-1},"end":{"line":43,"column":2}},"locations":[{"start":{"line":41,"column":-1},"end":{"line":43,"column":2}}]},"8":{"type":"branch","line":50,"loc":{"start":{"line":50,"column":21},"end":{"line":80,"column":1}},"locations":[{"start":{"line":50,"column":21},"end":{"line":80,"column":1}}]},"9":{"type":"branch","line":53,"loc":{"start":{"line":53,"column":15},"end":{"line":53,"column":48}},"locations":[{"start":{"line":53,"column":15},"end":{"line":53,"column":48}}]},"10":{"type":"branch","line":54,"loc":{"start":{"line":54,"column":-1},"end":{"line":57,"column":33}},"locations":[{"start":{"line":54,"column":-1},"end":{"line":57,"column":33}}]},"11":{"type":"branch","line":57,"loc":{"start":{"line":57,"column":33},"end":{"line":61,"column":5}},"locations":[{"start":{"line":57,"column":33},"end":{"line":61,"column":5}}]},"12":{"type":"branch","line":59,"loc":{"start":{"line":59,"column":26},"end":{"line":59,"column":50}},"locations":[{"start":{"line":59,"column":26},"end":{"line":59,"column":50}}]},"13":{"type":"branch","line":60,"loc":{"start":{"line":60,"column":37},"end":{"line":60,"column":49}},"locations":[{"start":{"line":60,"column":37},"end":{"line":60,"column":49}}]},"14":{"type":"branch","line":62,"loc":{"start":{"line":62,"column":-1},"end":{"line":62,"column":30}},"locations":[{"start":{"line":62,"column":-1},"end":{"line":62,"column":30}}]},"15":{"type":"branch","line":62,"loc":{"start":{"line":62,"column":30},"end":{"line":71,"column":5}},"locations":[{"start":{"line":62,"column":30},"end":{"line":71,"column":5}}]},"16":{"type":"branch","line":65,"loc":{"start":{"line":65,"column":16},"end":{"line":68,"column":40}},"locations":[{"start":{"line":65,"column":16},"end":{"line":68,"column":40}}]},"17":{"type":"branch","line":68,"loc":{"start":{"line":68,"column":34},"end":{"line":71,"column":5}},"locations":[{"start":{"line":68,"column":34},"end":{"line":71,"column":5}}]},"18":{"type":"branch","line":72,"loc":{"start":{"line":72,"column":-1},"end":{"line":72,"column":31}},"locations":[{"start":{"line":72,"column":-1},"end":{"line":72,"column":31}}]},"19":{"type":"branch","line":72,"loc":{"start":{"line":72,"column":31},"end":{"line":74,"column":5}},"locations":[{"start":{"line":72,"column":31},"end":{"line":74,"column":5}}]},"20":{"type":"branch","line":75,"loc":{"start":{"line":75,"column":-1},"end":{"line":80,"column":1}},"locations":[{"start":{"line":75,"column":-1},"end":{"line":80,"column":1}}]},"21":{"type":"branch","line":94,"loc":{"start":{"line":94,"column":32},"end":{"line":107,"column":1}},"locations":[{"start":{"line":94,"column":32},"end":{"line":107,"column":1}}]},"22":{"type":"branch","line":96,"loc":{"start":{"line":96,"column":8},"end":{"line":97,"column":54}},"locations":[{"start":{"line":96,"column":8},"end":{"line":97,"column":54}}]},"23":{"type":"branch","line":98,"loc":{"start":{"line":98,"column":8},"end":{"line":99,"column":54}},"locations":[{"start":{"line":98,"column":8},"end":{"line":99,"column":54}}]},"24":{"type":"branch","line":100,"loc":{"start":{"line":100,"column":8},"end":{"line":101,"column":54}},"locations":[{"start":{"line":100,"column":8},"end":{"line":101,"column":54}}]},"25":{"type":"branch","line":102,"loc":{"start":{"line":102,"column":8},"end":{"line":103,"column":53}},"locations":[{"start":{"line":102,"column":8},"end":{"line":103,"column":53}}]},"26":{"type":"branch","line":104,"loc":{"start":{"line":104,"column":8},"end":{"line":105,"column":56}},"locations":[{"start":{"line":104,"column":8},"end":{"line":105,"column":56}}]},"27":{"type":"branch","line":109,"loc":{"start":{"line":109,"column":25},"end":{"line":147,"column":1}},"locations":[{"start":{"line":109,"column":25},"end":{"line":147,"column":1}}]},"28":{"type":"branch","line":114,"loc":{"start":{"line":114,"column":40},"end":{"line":141,"column":5}},"locations":[{"start":{"line":114,"column":40},"end":{"line":141,"column":5}}]},"29":{"type":"branch","line":115,"loc":{"start":{"line":115,"column":36},"end":{"line":118,"column":9}},"locations":[{"start":{"line":115,"column":36},"end":{"line":118,"column":9}}]},"30":{"type":"branch","line":119,"loc":{"start":{"line":119,"column":-1},"end":{"line":120,"column":30}},"locations":[{"start":{"line":119,"column":-1},"end":{"line":120,"column":30}}]},"31":{"type":"branch","line":120,"loc":{"start":{"line":120,"column":30},"end":{"line":123,"column":9}},"locations":[{"start":{"line":120,"column":30},"end":{"line":123,"column":9}}]},"32":{"type":"branch","line":124,"loc":{"start":{"line":124,"column":-1},"end":{"line":125,"column":34}},"locations":[{"start":{"line":124,"column":-1},"end":{"line":125,"column":34}}]},"33":{"type":"branch","line":125,"loc":{"start":{"line":125,"column":25},"end":{"line":127,"column":37}},"locations":[{"start":{"line":125,"column":25},"end":{"line":127,"column":37}}]},"34":{"type":"branch","line":127,"loc":{"start":{"line":127,"column":37},"end":{"line":132,"column":25}},"locations":[{"start":{"line":127,"column":37},"end":{"line":132,"column":25}}]},"35":{"type":"branch","line":132,"loc":{"start":{"line":132,"column":25},"end":{"line":140,"column":9}},"locations":[{"start":{"line":132,"column":25},"end":{"line":140,"column":9}}]},"36":{"type":"branch","line":144,"loc":{"start":{"line":144,"column":8},"end":{"line":144,"column":76}},"locations":[{"start":{"line":144,"column":8},"end":{"line":144,"column":76}}]}},"b":{"0":[13],"1":[8],"2":[5],"3":[1],"4":[1],"5":[1],"6":[1],"7":[1],"8":[20],"9":[1],"10":[19],"11":[14],"12":[11],"13":[8],"14":[11],"15":[4],"16":[2],"17":[1],"18":[7],"19":[1],"20":[6],"21":[13],"22":[5],"23":[2],"24":[3],"25":[2],"26":[1],"27":[8],"28":[68],"29":[20],"30":[48],"31":[16],"32":[48],"33":[24],"34":[12],"35":[6],"36":[4]},"fnMap":{"0":{"name":"evaluate","decl":{"start":{"line":21,"column":24},"end":{"line":43,"column":2}},"loc":{"start":{"line":21,"column":24},"end":{"line":43,"column":2}},"line":21},"1":{"name":"parse","decl":{"start":{"line":50,"column":21},"end":{"line":80,"column":1}},"loc":{"start":{"line":50,"column":21},"end":{"line":80,"column":1}},"line":50},"2":{"name":"tokenizeOperator","decl":{"start":{"line":94,"column":32},"end":{"line":107,"column":1}},"loc":{"start":{"line":94,"column":32},"end":{"line":107,"column":1}},"line":94},"3":{"name":"tokenizer","decl":{"start":{"line":109,"column":25},"end":{"line":147,"column":1}},"loc":{"start":{"line":109,"column":25},"end":{"line":147,"column":1}},"line":109}},"f":{"0":13,"1":20,"2":13,"3":8}}
}
