{"/home/brenno/projects/newlang/src/evaluate.ts": {"path":"/home/brenno/projects/newlang/src/evaluate.ts","all":false,"statementMap":{"0":{"start":{"line":1,"column":0},"end":{"line":1,"column":36}},"1":{"start":{"line":2,"column":0},"end":{"line":2,"column":0}},"2":{"start":{"line":3,"column":0},"end":{"line":3,"column":49}},"3":{"start":{"line":4,"column":0},"end":{"line":4,"column":32}},"4":{"start":{"line":5,"column":0},"end":{"line":5,"column":24}},"5":{"start":{"line":6,"column":0},"end":{"line":6,"column":5}},"6":{"start":{"line":7,"column":0},"end":{"line":7,"column":0}},"7":{"start":{"line":8,"column":0},"end":{"line":8,"column":34}},"8":{"start":{"line":9,"column":0},"end":{"line":9,"column":41}},"9":{"start":{"line":10,"column":0},"end":{"line":10,"column":43}},"10":{"start":{"line":11,"column":0},"end":{"line":11,"column":4}},"11":{"start":{"line":12,"column":0},"end":{"line":12,"column":29}},"12":{"start":{"line":13,"column":0},"end":{"line":13,"column":24}},"13":{"start":{"line":14,"column":0},"end":{"line":14,"column":36}},"14":{"start":{"line":15,"column":0},"end":{"line":15,"column":24}},"15":{"start":{"line":16,"column":0},"end":{"line":16,"column":36}},"16":{"start":{"line":17,"column":0},"end":{"line":17,"column":24}},"17":{"start":{"line":18,"column":0},"end":{"line":18,"column":36}},"18":{"start":{"line":19,"column":0},"end":{"line":19,"column":23}},"19":{"start":{"line":20,"column":0},"end":{"line":20,"column":36}},"20":{"start":{"line":21,"column":0},"end":{"line":21,"column":9}},"21":{"start":{"line":22,"column":0},"end":{"line":22,"column":5}},"22":{"start":{"line":23,"column":0},"end":{"line":23,"column":4}},"23":{"start":{"line":24,"column":0},"end":{"line":24,"column":45}},"24":{"start":{"line":25,"column":0},"end":{"line":25,"column":2}}},"s":{"0":1,"1":1,"2":1,"3":13,"4":8,"5":8,"6":5,"7":5,"8":5,"9":5,"10":5,"11":5,"12":5,"13":1,"14":5,"15":1,"16":5,"17":1,"18":5,"19":1,"20":5,"21":5,"22":1,"23":1,"24":1},"branchMap":{"0":{"type":"branch","line":3,"loc":{"start":{"line":3,"column":24},"end":{"line":25,"column":2}},"locations":[{"start":{"line":3,"column":24},"end":{"line":25,"column":2}}]},"1":{"type":"branch","line":4,"loc":{"start":{"line":4,"column":31},"end":{"line":6,"column":5}},"locations":[{"start":{"line":4,"column":31},"end":{"line":6,"column":5}}]},"2":{"type":"branch","line":7,"loc":{"start":{"line":7,"column":-1},"end":{"line":22,"column":5}},"locations":[{"start":{"line":7,"column":-1},"end":{"line":22,"column":5}}]},"3":{"type":"branch","line":13,"loc":{"start":{"line":13,"column":12},"end":{"line":14,"column":36}},"locations":[{"start":{"line":13,"column":12},"end":{"line":14,"column":36}}]},"4":{"type":"branch","line":15,"loc":{"start":{"line":15,"column":12},"end":{"line":16,"column":36}},"locations":[{"start":{"line":15,"column":12},"end":{"line":16,"column":36}}]},"5":{"type":"branch","line":17,"loc":{"start":{"line":17,"column":12},"end":{"line":18,"column":36}},"locations":[{"start":{"line":17,"column":12},"end":{"line":18,"column":36}}]},"6":{"type":"branch","line":19,"loc":{"start":{"line":19,"column":12},"end":{"line":20,"column":36}},"locations":[{"start":{"line":19,"column":12},"end":{"line":20,"column":36}}]},"7":{"type":"branch","line":23,"loc":{"start":{"line":23,"column":-1},"end":{"line":25,"column":2}},"locations":[{"start":{"line":23,"column":-1},"end":{"line":25,"column":2}}]}},"b":{"0":[13],"1":[8],"2":[5],"3":[1],"4":[1],"5":[1],"6":[1],"7":[1]},"fnMap":{"0":{"name":"evaluate","decl":{"start":{"line":3,"column":24},"end":{"line":25,"column":2}},"loc":{"start":{"line":3,"column":24},"end":{"line":25,"column":2}},"line":3}},"f":{"0":13}}
,"/home/brenno/projects/newlang/src/index.ts": {"path":"/home/brenno/projects/newlang/src/index.ts","all":false,"statementMap":{"0":{"start":{"line":1,"column":0},"end":{"line":1,"column":2}},"1":{"start":{"line":2,"column":0},"end":{"line":2,"column":0}},"2":{"start":{"line":3,"column":0},"end":{"line":3,"column":14}},"3":{"start":{"line":4,"column":0},"end":{"line":4,"column":11}},"4":{"start":{"line":5,"column":0},"end":{"line":5,"column":0}},"5":{"start":{"line":6,"column":0},"end":{"line":6,"column":34}},"6":{"start":{"line":7,"column":0},"end":{"line":7,"column":11}},"7":{"start":{"line":8,"column":0},"end":{"line":8,"column":0}},"8":{"start":{"line":9,"column":0},"end":{"line":9,"column":21}},"9":{"start":{"line":10,"column":0},"end":{"line":10,"column":12}},"10":{"start":{"line":11,"column":0},"end":{"line":11,"column":0}},"11":{"start":{"line":12,"column":0},"end":{"line":12,"column":27}},"12":{"start":{"line":13,"column":0},"end":{"line":13,"column":13}},"13":{"start":{"line":14,"column":0},"end":{"line":14,"column":0}},"14":{"start":{"line":15,"column":0},"end":{"line":15,"column":2}},"15":{"start":{"line":16,"column":0},"end":{"line":16,"column":0}},"16":{"start":{"line":17,"column":0},"end":{"line":17,"column":38}},"17":{"start":{"line":18,"column":0},"end":{"line":18,"column":33}},"18":{"start":{"line":19,"column":0},"end":{"line":19,"column":58}}},"s":{"0":1,"1":1,"2":1,"3":1,"4":1,"5":1,"6":1,"7":1,"8":1,"9":1,"10":1,"11":1,"12":1,"13":1,"14":1,"15":1,"16":1,"17":1,"18":1},"branchMap":{"0":{"type":"branch","line":17,"loc":{"start":{"line":17,"column":9},"end":{"line":17,"column":38}},"locations":[{"start":{"line":17,"column":9},"end":{"line":17,"column":38}}]},"1":{"type":"branch","line":18,"loc":{"start":{"line":18,"column":9},"end":{"line":18,"column":33}},"locations":[{"start":{"line":18,"column":9},"end":{"line":18,"column":33}}]},"2":{"type":"branch","line":19,"loc":{"start":{"line":19,"column":9},"end":{"line":19,"column":20}},"locations":[{"start":{"line":19,"column":9},"end":{"line":19,"column":20}}]},"3":{"type":"branch","line":19,"loc":{"start":{"line":19,"column":20},"end":{"line":19,"column":58}},"locations":[{"start":{"line":19,"column":20},"end":{"line":19,"column":58}}]}},"b":{"0":[3],"1":[8],"2":[8],"3":[1]},"fnMap":{"0":{"name":"get","decl":{"start":{"line":17,"column":9},"end":{"line":17,"column":38}},"loc":{"start":{"line":17,"column":9},"end":{"line":17,"column":38}},"line":17},"1":{"name":"get","decl":{"start":{"line":18,"column":9},"end":{"line":18,"column":33}},"loc":{"start":{"line":18,"column":9},"end":{"line":18,"column":33}},"line":18},"2":{"name":"get","decl":{"start":{"line":19,"column":9},"end":{"line":19,"column":20}},"loc":{"start":{"line":19,"column":9},"end":{"line":19,"column":20}},"line":19},"3":{"name":"get","decl":{"start":{"line":19,"column":20},"end":{"line":19,"column":58}},"loc":{"start":{"line":19,"column":20},"end":{"line":19,"column":58}},"line":19}},"f":{"0":3,"1":8,"2":8,"3":1}}
,"/home/brenno/projects/newlang/src/parser.ts": {"path":"/home/brenno/projects/newlang/src/parser.ts","all":false,"statementMap":{"0":{"start":{"line":1,"column":0},"end":{"line":1,"column":37}},"1":{"start":{"line":2,"column":0},"end":{"line":2,"column":0}},"2":{"start":{"line":3,"column":0},"end":{"line":3,"column":12}},"3":{"start":{"line":4,"column":0},"end":{"line":4,"column":65}},"4":{"start":{"line":5,"column":0},"end":{"line":5,"column":37}},"5":{"start":{"line":6,"column":0},"end":{"line":6,"column":20}},"6":{"start":{"line":7,"column":0},"end":{"line":7,"column":0}},"7":{"start":{"line":8,"column":0},"end":{"line":8,"column":49}},"8":{"start":{"line":9,"column":0},"end":{"line":9,"column":39}},"9":{"start":{"line":10,"column":0},"end":{"line":10,"column":0}},"10":{"start":{"line":11,"column":0},"end":{"line":11,"column":48}},"11":{"start":{"line":12,"column":0},"end":{"line":12,"column":4}},"12":{"start":{"line":13,"column":0},"end":{"line":13,"column":32}},"13":{"start":{"line":14,"column":0},"end":{"line":14,"column":4}},"14":{"start":{"line":15,"column":0},"end":{"line":15,"column":34}},"15":{"start":{"line":16,"column":0},"end":{"line":16,"column":53}},"16":{"start":{"line":17,"column":0},"end":{"line":17,"column":50}},"17":{"start":{"line":18,"column":0},"end":{"line":18,"column":49}},"18":{"start":{"line":19,"column":0},"end":{"line":19,"column":5}},"19":{"start":{"line":20,"column":0},"end":{"line":20,"column":31}},"20":{"start":{"line":21,"column":0},"end":{"line":21,"column":29}},"21":{"start":{"line":22,"column":0},"end":{"line":22,"column":35}},"22":{"start":{"line":23,"column":0},"end":{"line":23,"column":28}},"23":{"start":{"line":24,"column":0},"end":{"line":24,"column":36}},"24":{"start":{"line":25,"column":0},"end":{"line":25,"column":0}},"25":{"start":{"line":26,"column":0},"end":{"line":26,"column":95}},"26":{"start":{"line":27,"column":0},"end":{"line":27,"column":0}},"27":{"start":{"line":28,"column":0},"end":{"line":28,"column":70}},"28":{"start":{"line":29,"column":0},"end":{"line":29,"column":5}},"29":{"start":{"line":30,"column":0},"end":{"line":30,"column":32}},"30":{"start":{"line":31,"column":0},"end":{"line":31,"column":72}},"31":{"start":{"line":32,"column":0},"end":{"line":32,"column":5}},"32":{"start":{"line":33,"column":0},"end":{"line":33,"column":4}},"33":{"start":{"line":34,"column":0},"end":{"line":34,"column":32}},"34":{"start":{"line":35,"column":0},"end":{"line":35,"column":0}},"35":{"start":{"line":36,"column":0},"end":{"line":36,"column":75}},"36":{"start":{"line":37,"column":0},"end":{"line":37,"column":16}},"37":{"start":{"line":38,"column":0},"end":{"line":38,"column":1}}},"s":{"0":1,"1":1,"2":1,"3":1,"4":1,"5":1,"6":1,"7":1,"8":20,"9":20,"10":20,"11":19,"12":19,"13":19,"14":20,"15":14,"16":14,"17":14,"18":14,"19":20,"20":4,"21":4,"22":4,"23":2,"24":2,"25":4,"26":1,"27":1,"28":1,"29":20,"30":1,"31":1,"32":6,"33":6,"34":6,"35":6,"36":6,"37":6},"branchMap":{"0":{"type":"branch","line":8,"loc":{"start":{"line":8,"column":21},"end":{"line":38,"column":1}},"locations":[{"start":{"line":8,"column":21},"end":{"line":38,"column":1}}]},"1":{"type":"branch","line":11,"loc":{"start":{"line":11,"column":15},"end":{"line":11,"column":48}},"locations":[{"start":{"line":11,"column":15},"end":{"line":11,"column":48}}]},"2":{"type":"branch","line":12,"loc":{"start":{"line":12,"column":-1},"end":{"line":15,"column":33}},"locations":[{"start":{"line":12,"column":-1},"end":{"line":15,"column":33}}]},"3":{"type":"branch","line":15,"loc":{"start":{"line":15,"column":33},"end":{"line":19,"column":5}},"locations":[{"start":{"line":15,"column":33},"end":{"line":19,"column":5}}]},"4":{"type":"branch","line":17,"loc":{"start":{"line":17,"column":26},"end":{"line":17,"column":50}},"locations":[{"start":{"line":17,"column":26},"end":{"line":17,"column":50}}]},"5":{"type":"branch","line":18,"loc":{"start":{"line":18,"column":37},"end":{"line":18,"column":49}},"locations":[{"start":{"line":18,"column":37},"end":{"line":18,"column":49}}]},"6":{"type":"branch","line":20,"loc":{"start":{"line":20,"column":-1},"end":{"line":20,"column":30}},"locations":[{"start":{"line":20,"column":-1},"end":{"line":20,"column":30}}]},"7":{"type":"branch","line":20,"loc":{"start":{"line":20,"column":30},"end":{"line":29,"column":5}},"locations":[{"start":{"line":20,"column":30},"end":{"line":29,"column":5}}]},"8":{"type":"branch","line":23,"loc":{"start":{"line":23,"column":16},"end":{"line":26,"column":40}},"locations":[{"start":{"line":23,"column":16},"end":{"line":26,"column":40}}]},"9":{"type":"branch","line":26,"loc":{"start":{"line":26,"column":34},"end":{"line":29,"column":5}},"locations":[{"start":{"line":26,"column":34},"end":{"line":29,"column":5}}]},"10":{"type":"branch","line":30,"loc":{"start":{"line":30,"column":-1},"end":{"line":30,"column":31}},"locations":[{"start":{"line":30,"column":-1},"end":{"line":30,"column":31}}]},"11":{"type":"branch","line":30,"loc":{"start":{"line":30,"column":31},"end":{"line":32,"column":5}},"locations":[{"start":{"line":30,"column":31},"end":{"line":32,"column":5}}]},"12":{"type":"branch","line":33,"loc":{"start":{"line":33,"column":-1},"end":{"line":38,"column":1}},"locations":[{"start":{"line":33,"column":-1},"end":{"line":38,"column":1}}]}},"b":{"0":[20],"1":[1],"2":[19],"3":[14],"4":[11],"5":[8],"6":[11],"7":[4],"8":[2],"9":[1],"10":[7],"11":[1],"12":[6]},"fnMap":{"0":{"name":"parse","decl":{"start":{"line":8,"column":21},"end":{"line":38,"column":1}},"loc":{"start":{"line":8,"column":21},"end":{"line":38,"column":1}},"line":8}},"f":{"0":20}}
,"/home/brenno/projects/newlang/src/tokenizer.ts": {"path":"/home/brenno/projects/newlang/src/tokenizer.ts","all":false,"statementMap":{"0":{"start":{"line":1,"column":0},"end":{"line":1,"column":37}},"1":{"start":{"line":2,"column":0},"end":{"line":2,"column":0}},"2":{"start":{"line":3,"column":0},"end":{"line":3,"column":41}},"3":{"start":{"line":4,"column":0},"end":{"line":4,"column":0}},"4":{"start":{"line":5,"column":0},"end":{"line":5,"column":18}},"5":{"start":{"line":6,"column":0},"end":{"line":6,"column":53}},"6":{"start":{"line":7,"column":0},"end":{"line":7,"column":2}},"7":{"start":{"line":8,"column":0},"end":{"line":8,"column":0}},"8":{"start":{"line":9,"column":0},"end":{"line":9,"column":66}},"9":{"start":{"line":10,"column":0},"end":{"line":10,"column":26}},"10":{"start":{"line":11,"column":0},"end":{"line":11,"column":17}},"11":{"start":{"line":12,"column":0},"end":{"line":12,"column":54}},"12":{"start":{"line":13,"column":0},"end":{"line":13,"column":17}},"13":{"start":{"line":14,"column":0},"end":{"line":14,"column":54}},"14":{"start":{"line":15,"column":0},"end":{"line":15,"column":17}},"15":{"start":{"line":16,"column":0},"end":{"line":16,"column":54}},"16":{"start":{"line":17,"column":0},"end":{"line":17,"column":17}},"17":{"start":{"line":18,"column":0},"end":{"line":18,"column":53}},"18":{"start":{"line":19,"column":0},"end":{"line":19,"column":16}},"19":{"start":{"line":20,"column":0},"end":{"line":20,"column":56}},"20":{"start":{"line":21,"column":0},"end":{"line":21,"column":5}},"21":{"start":{"line":22,"column":0},"end":{"line":22,"column":1}},"22":{"start":{"line":23,"column":0},"end":{"line":23,"column":0}},"23":{"start":{"line":24,"column":0},"end":{"line":24,"column":55}},"24":{"start":{"line":25,"column":0},"end":{"line":25,"column":31}},"25":{"start":{"line":26,"column":0},"end":{"line":26,"column":4}},"26":{"start":{"line":27,"column":0},"end":{"line":27,"column":34}},"27":{"start":{"line":28,"column":0},"end":{"line":28,"column":0}},"28":{"start":{"line":29,"column":0},"end":{"line":29,"column":41}},"29":{"start":{"line":30,"column":0},"end":{"line":30,"column":37}},"30":{"start":{"line":31,"column":0},"end":{"line":31,"column":34}},"31":{"start":{"line":32,"column":0},"end":{"line":32,"column":21}},"32":{"start":{"line":33,"column":0},"end":{"line":33,"column":9}},"33":{"start":{"line":34,"column":0},"end":{"line":34,"column":0}},"34":{"start":{"line":35,"column":0},"end":{"line":35,"column":31}},"35":{"start":{"line":36,"column":0},"end":{"line":36,"column":80}},"36":{"start":{"line":37,"column":0},"end":{"line":37,"column":28}},"37":{"start":{"line":38,"column":0},"end":{"line":38,"column":9}},"38":{"start":{"line":39,"column":0},"end":{"line":39,"column":0}},"39":{"start":{"line":40,"column":0},"end":{"line":40,"column":34}},"40":{"start":{"line":41,"column":0},"end":{"line":41,"column":0}},"41":{"start":{"line":42,"column":0},"end":{"line":42,"column":38}},"42":{"start":{"line":43,"column":0},"end":{"line":43,"column":48}},"43":{"start":{"line":44,"column":0},"end":{"line":44,"column":21}},"44":{"start":{"line":45,"column":0},"end":{"line":45,"column":9}},"45":{"start":{"line":46,"column":0},"end":{"line":46,"column":0}},"46":{"start":{"line":47,"column":0},"end":{"line":47,"column":26}},"47":{"start":{"line":48,"column":0},"end":{"line":48,"column":41}},"48":{"start":{"line":49,"column":0},"end":{"line":49,"column":21}},"49":{"start":{"line":50,"column":0},"end":{"line":50,"column":9}},"50":{"start":{"line":51,"column":0},"end":{"line":51,"column":0}},"51":{"start":{"line":52,"column":0},"end":{"line":52,"column":26}},"52":{"start":{"line":53,"column":0},"end":{"line":53,"column":42}},"53":{"start":{"line":54,"column":0},"end":{"line":54,"column":21}},"54":{"start":{"line":55,"column":0},"end":{"line":55,"column":9}},"55":{"start":{"line":56,"column":0},"end":{"line":56,"column":5}},"56":{"start":{"line":57,"column":0},"end":{"line":57,"column":0}},"57":{"start":{"line":58,"column":0},"end":{"line":58,"column":25}},"58":{"start":{"line":59,"column":0},"end":{"line":59,"column":76}},"59":{"start":{"line":60,"column":0},"end":{"line":60,"column":0}},"60":{"start":{"line":61,"column":0},"end":{"line":61,"column":18}},"61":{"start":{"line":62,"column":0},"end":{"line":62,"column":1}}},"s":{"0":1,"1":1,"2":1,"3":1,"4":1,"5":1,"6":1,"7":1,"8":1,"9":13,"10":13,"11":5,"12":13,"13":2,"14":13,"15":3,"16":13,"17":2,"18":13,"19":1,"20":13,"21":13,"22":1,"23":1,"24":8,"25":8,"26":8,"27":8,"28":8,"29":68,"30":20,"31":20,"32":20,"33":48,"34":68,"35":16,"36":16,"37":16,"38":48,"39":48,"40":24,"41":68,"42":12,"43":12,"44":12,"45":12,"46":68,"47":6,"48":6,"49":6,"50":6,"51":6,"52":6,"53":6,"54":6,"55":68,"56":8,"57":8,"58":8,"59":8,"60":8,"61":8},"branchMap":{"0":{"type":"branch","line":9,"loc":{"start":{"line":9,"column":32},"end":{"line":22,"column":1}},"locations":[{"start":{"line":9,"column":32},"end":{"line":22,"column":1}}]},"1":{"type":"branch","line":11,"loc":{"start":{"line":11,"column":8},"end":{"line":12,"column":54}},"locations":[{"start":{"line":11,"column":8},"end":{"line":12,"column":54}}]},"2":{"type":"branch","line":13,"loc":{"start":{"line":13,"column":8},"end":{"line":14,"column":54}},"locations":[{"start":{"line":13,"column":8},"end":{"line":14,"column":54}}]},"3":{"type":"branch","line":15,"loc":{"start":{"line":15,"column":8},"end":{"line":16,"column":54}},"locations":[{"start":{"line":15,"column":8},"end":{"line":16,"column":54}}]},"4":{"type":"branch","line":17,"loc":{"start":{"line":17,"column":8},"end":{"line":18,"column":53}},"locations":[{"start":{"line":17,"column":8},"end":{"line":18,"column":53}}]},"5":{"type":"branch","line":19,"loc":{"start":{"line":19,"column":8},"end":{"line":20,"column":56}},"locations":[{"start":{"line":19,"column":8},"end":{"line":20,"column":56}}]},"6":{"type":"branch","line":24,"loc":{"start":{"line":24,"column":25},"end":{"line":62,"column":1}},"locations":[{"start":{"line":24,"column":25},"end":{"line":62,"column":1}}]},"7":{"type":"branch","line":29,"loc":{"start":{"line":29,"column":40},"end":{"line":56,"column":5}},"locations":[{"start":{"line":29,"column":40},"end":{"line":56,"column":5}}]},"8":{"type":"branch","line":30,"loc":{"start":{"line":30,"column":36},"end":{"line":33,"column":9}},"locations":[{"start":{"line":30,"column":36},"end":{"line":33,"column":9}}]},"9":{"type":"branch","line":34,"loc":{"start":{"line":34,"column":-1},"end":{"line":35,"column":30}},"locations":[{"start":{"line":34,"column":-1},"end":{"line":35,"column":30}}]},"10":{"type":"branch","line":35,"loc":{"start":{"line":35,"column":30},"end":{"line":38,"column":9}},"locations":[{"start":{"line":35,"column":30},"end":{"line":38,"column":9}}]},"11":{"type":"branch","line":39,"loc":{"start":{"line":39,"column":-1},"end":{"line":40,"column":34}},"locations":[{"start":{"line":39,"column":-1},"end":{"line":40,"column":34}}]},"12":{"type":"branch","line":40,"loc":{"start":{"line":40,"column":25},"end":{"line":42,"column":37}},"locations":[{"start":{"line":40,"column":25},"end":{"line":42,"column":37}}]},"13":{"type":"branch","line":42,"loc":{"start":{"line":42,"column":37},"end":{"line":47,"column":25}},"locations":[{"start":{"line":42,"column":37},"end":{"line":47,"column":25}}]},"14":{"type":"branch","line":47,"loc":{"start":{"line":47,"column":25},"end":{"line":55,"column":9}},"locations":[{"start":{"line":47,"column":25},"end":{"line":55,"column":9}}]},"15":{"type":"branch","line":59,"loc":{"start":{"line":59,"column":8},"end":{"line":59,"column":76}},"locations":[{"start":{"line":59,"column":8},"end":{"line":59,"column":76}}]}},"b":{"0":[13],"1":[5],"2":[2],"3":[3],"4":[2],"5":[1],"6":[8],"7":[68],"8":[20],"9":[48],"10":[16],"11":[48],"12":[24],"13":[12],"14":[6],"15":[4]},"fnMap":{"0":{"name":"tokenizeOperator","decl":{"start":{"line":9,"column":32},"end":{"line":22,"column":1}},"loc":{"start":{"line":9,"column":32},"end":{"line":22,"column":1}},"line":9},"1":{"name":"tokenizer","decl":{"start":{"line":24,"column":25},"end":{"line":62,"column":1}},"loc":{"start":{"line":24,"column":25},"end":{"line":62,"column":1}},"line":24}},"f":{"0":13,"1":8}}
}
