TN:
SF:src/evaluate.ts
FN:3,evaluate
FNF:1
FNH:1
FNDA:36,evaluate
DA:1,1
DA:2,1
DA:3,1
DA:4,36
DA:5,21
DA:6,21
DA:7,15
DA:8,15
DA:9,15
DA:10,15
DA:11,15
DA:12,15
DA:13,15
DA:14,5
DA:15,15
DA:16,1
DA:17,15
DA:18,5
DA:19,15
DA:20,3
DA:21,15
DA:22,15
DA:23,1
DA:24,1
DA:25,1
LF:25
LH:25
BRDA:3,0,0,36
BRDA:4,1,0,21
BRDA:7,2,0,15
BRDA:13,3,0,5
BRDA:15,4,0,1
BRDA:17,5,0,5
BRDA:19,6,0,3
BRDA:23,7,0,1
BRF:8
BRH:8
end_of_record
TN:
SF:src/index.ts
FN:1,get
FN:2,get
FN:3,get
FN:3,get
FNF:4
FNH:4
FNDA:6,get
FNDA:12,get
FNDA:17,get
FNDA:1,get
DA:1,1
DA:2,1
DA:3,1
LF:3
LH:3
BRDA:1,0,0,6
BRDA:2,1,0,12
BRDA:3,2,0,17
BRDA:3,3,0,1
BRF:4
BRH:4
end_of_record
TN:
SF:src/parser.ts
FN:3,parseLiteral
FN:16,parseOperator
FN:46,parseTokens
FN:58,adjustTokens
FN:79,parse
FNF:5
FNH:5
FNDA:28,parseLiteral
FNDA:21,parseOperator
FNDA:59,parseTokens
FNDA:12,adjustTokens
FNDA:12,parse
DA:1,1
DA:2,1
DA:3,1
DA:4,28
DA:5,28
DA:6,28
DA:7,28
DA:8,28
DA:9,27
DA:10,28
DA:11,28
DA:12,18
DA:13,18
DA:14,18
DA:15,1
DA:16,1
DA:17,21
DA:18,21
DA:19,21
DA:20,19
DA:21,21
DA:22,18
DA:23,18
DA:24,18
DA:25,21
DA:26,6
DA:27,6
DA:28,6
DA:29,6
DA:30,6
DA:31,6
DA:32,6
DA:33,6
DA:34,6
DA:35,6
DA:36,11
DA:37,11
DA:38,11
DA:39,11
DA:40,11
DA:41,11
DA:42,11
DA:43,11
DA:44,11
DA:45,1
DA:46,1
DA:47,59
DA:48,59
DA:49,59
DA:50,32
DA:51,59
DA:52,13
DA:53,59
DA:54,2
DA:55,2
DA:56,2
DA:57,1
DA:58,1
DA:59,12
DA:60,12
DA:61,12
DA:62,12
DA:63,12
DA:64,61
DA:65,19
DA:66,19
DA:67,19
DA:68,61
DA:69,61
DA:70,61
DA:71,61
DA:72,61
DA:73,61
DA:74,61
DA:75,12
DA:76,12
DA:77,12
DA:78,1
DA:79,1
DA:80,12
DA:81,12
DA:82,12
DA:83,12
LF:83
LH:83
BRDA:3,0,0,28
BRDA:7,1,0,0
BRDA:8,2,0,1
BRDA:9,3,0,27
BRDA:10,4,0,9
BRDA:10,5,0,18
BRDA:11,6,0,9
BRDA:12,7,0,18
BRDA:16,8,0,21
BRDA:19,9,0,2
BRDA:20,10,0,19
BRDA:21,11,0,0
BRDA:21,12,0,19
BRDA:21,13,0,1
BRDA:22,14,0,18
BRDA:25,15,0,10
BRDA:25,16,0,0
BRDA:25,17,0,6
BRDA:36,18,0,11
BRDA:46,19,0,59
BRDA:49,20,0,13
BRDA:49,21,0,46
BRDA:49,22,0,27
BRDA:50,23,0,32
BRDA:51,24,0,13
BRDA:51,25,0,19
BRDA:51,26,0,19
BRDA:52,27,0,13
BRDA:53,28,0,11
BRDA:54,29,0,2
BRDA:58,30,0,12
BRDA:63,31,0,61
BRDA:64,32,0,19
BRDA:69,33,0,28
BRDA:71,34,0,7
BRDA:73,35,0,7
BRDA:79,36,0,12
BRF:37
BRH:34
end_of_record
TN:
SF:src/tokenizer.ts
FN:9,tokenizeOperator
FN:24,tokenizer
FNF:2
FNH:2
FNDA:26,tokenizeOperator
FNDA:17,tokenizer
DA:1,1
DA:2,1
DA:3,1
DA:4,1
DA:5,1
DA:6,1
DA:7,1
DA:8,1
DA:9,1
DA:10,26
DA:11,26
DA:12,12
DA:13,26
DA:14,2
DA:15,26
DA:16,7
DA:17,26
DA:18,4
DA:19,26
DA:20,1
DA:21,26
DA:22,26
DA:23,1
DA:24,1
DA:25,17
DA:26,17
DA:27,17
DA:28,17
DA:29,17
DA:30,129
DA:31,38
DA:32,38
DA:33,38
DA:34,91
DA:35,129
DA:36,28
DA:37,28
DA:38,28
DA:39,91
DA:40,91
DA:41,45
DA:42,129
DA:43,25
DA:44,25
DA:45,25
DA:46,20
DA:47,129
DA:48,10
DA:49,10
DA:50,10
DA:51,10
DA:52,10
DA:53,10
DA:54,10
DA:55,10
DA:56,129
DA:57,17
DA:58,17
DA:59,17
DA:60,17
DA:61,17
DA:62,17
LF:62
LH:62
BRDA:9,0,0,26
BRDA:11,1,0,12
BRDA:13,2,0,2
BRDA:15,3,0,7
BRDA:17,4,0,4
BRDA:19,5,0,1
BRDA:24,6,0,17
BRDA:29,7,0,129
BRDA:30,8,0,38
BRDA:34,9,0,91
BRDA:35,10,0,28
BRDA:39,11,0,91
BRDA:40,12,0,46
BRDA:41,13,0,45
BRDA:42,14,0,25
BRDA:46,15,0,20
BRDA:47,16,0,10
BRDA:59,17,0,10
BRF:18
BRH:18
end_of_record
