TN:
SF:src/evaluate.ts
FN:3,evaluate
FNF:1
FNH:1
FNDA:26,evaluate
DA:1,1
DA:2,1
DA:3,1
DA:4,26
DA:5,16
DA:6,16
DA:7,10
DA:8,10
DA:9,10
DA:10,10
DA:11,10
DA:12,10
DA:13,10
DA:14,3
DA:15,10
DA:16,1
DA:17,10
DA:18,4
DA:19,10
DA:20,1
DA:21,10
DA:22,10
DA:23,1
DA:24,1
DA:25,1
LF:25
LH:25
BRDA:3,0,0,26
BRDA:4,1,0,16
BRDA:7,2,0,10
BRDA:13,3,0,3
BRDA:15,4,0,1
BRDA:17,5,0,4
BRDA:19,6,0,1
BRDA:23,7,0,1
BRF:8
BRH:8
end_of_record
TN:
SF:src/index.ts
FN:1,get
FN:2,get
FN:3,get
FN:3,get
FNF:4
FNH:4
FNDA:6,get
FNDA:11,get
FNDA:15,get
FNDA:1,get
DA:1,1
DA:2,1
DA:3,1
LF:3
LH:3
BRDA:1,0,0,6
BRDA:2,1,0,11
BRDA:3,2,0,15
BRDA:3,3,0,1
BRF:4
BRH:4
end_of_record
TN:
SF:src/parser.ts
FN:3,parseLiteral
FN:16,parseOperator
FN:45,parseTokens
FN:57,adjustTokens
FN:78,parse
FNF:5
FNH:5
FNDA:22,parseLiteral
FNDA:15,parseOperator
FNDA:47,parseTokens
FNDA:11,adjustTokens
FNDA:11,parse
DA:1,1
DA:2,1
DA:3,1
DA:4,22
DA:5,22
DA:6,22
DA:7,22
DA:8,22
DA:9,21
DA:10,22
DA:11,22
DA:12,13
DA:13,13
DA:14,13
DA:15,1
DA:16,1
DA:17,15
DA:18,15
DA:19,15
DA:20,15
DA:21,13
DA:22,13
DA:23,13
DA:24,15
DA:25,2
DA:26,2
DA:27,2
DA:28,2
DA:29,2
DA:30,2
DA:31,2
DA:32,2
DA:33,2
DA:34,2
DA:35,10
DA:36,10
DA:37,10
DA:38,10
DA:39,10
DA:40,10
DA:41,10
DA:42,10
DA:43,10
DA:44,1
DA:45,1
DA:46,47
DA:47,47
DA:48,47
DA:49,26
DA:50,47
DA:51,12
DA:52,47
DA:53,2
DA:54,2
DA:55,2
DA:56,1
DA:57,1
DA:58,11
DA:59,11
DA:60,11
DA:61,11
DA:62,11
DA:63,42
DA:64,14
DA:65,14
DA:66,14
DA:67,42
DA:68,42
DA:69,42
DA:70,42
DA:71,42
DA:72,42
DA:73,42
DA:74,11
DA:75,11
DA:76,11
DA:77,1
DA:78,1
DA:79,11
DA:80,11
DA:81,11
DA:82,11
LF:82
LH:82
BRDA:3,0,0,22
BRDA:7,1,0,0
BRDA:8,2,0,1
BRDA:9,3,0,21
BRDA:10,4,0,8
BRDA:10,5,0,13
BRDA:11,6,0,8
BRDA:12,7,0,13
BRDA:16,8,0,15
BRDA:19,9,0,13
BRDA:19,10,0,0
BRDA:20,11,0,2
BRDA:21,12,0,13
BRDA:24,13,0,5
BRDA:24,14,0,0
BRDA:24,15,0,2
BRDA:35,16,0,10
BRDA:45,17,0,47
BRDA:48,18,0,12
BRDA:48,19,0,35
BRDA:48,20,0,21
BRDA:49,21,0,26
BRDA:50,22,0,12
BRDA:50,23,0,14
BRDA:50,24,0,14
BRDA:51,25,0,12
BRDA:52,26,0,10
BRDA:53,27,0,2
BRDA:57,28,0,11
BRDA:62,29,0,42
BRDA:63,30,0,14
BRDA:68,31,0,22
BRDA:70,32,0,3
BRDA:72,33,0,3
BRDA:78,34,0,11
BRF:35
BRH:32
end_of_record
TN:
SF:src/tokenizer.ts
FN:9,tokenizeOperator
FN:24,tokenizer
FNF:2
FNH:2
FNDA:21,tokenizeOperator
FNDA:15,tokenizer
DA:1,1
DA:2,1
DA:3,1
DA:4,1
DA:5,1
DA:6,1
DA:7,1
DA:8,1
DA:9,1
DA:10,21
DA:11,21
DA:12,10
DA:13,21
DA:14,2
DA:15,21
DA:16,6
DA:17,21
DA:18,2
DA:19,21
DA:20,1
DA:21,21
DA:22,21
DA:23,1
DA:24,1
DA:25,15
DA:26,15
DA:27,15
DA:28,15
DA:29,15
DA:30,99
DA:31,31
DA:32,31
DA:33,31
DA:34,68
DA:35,99
DA:36,23
DA:37,23
DA:38,23
DA:39,68
DA:40,68
DA:41,32
DA:42,99
DA:43,20
DA:44,20
DA:45,20
DA:46,12
DA:47,99
DA:48,6
DA:49,6
DA:50,6
DA:51,6
DA:52,6
DA:53,6
DA:54,6
DA:55,6
DA:56,99
DA:57,15
DA:58,15
DA:59,15
DA:60,15
DA:61,15
DA:62,15
LF:62
LH:62
BRDA:9,0,0,21
BRDA:11,1,0,10
BRDA:13,2,0,2
BRDA:15,3,0,6
BRDA:17,4,0,2
BRDA:19,5,0,1
BRDA:24,6,0,15
BRDA:29,7,0,99
BRDA:30,8,0,31
BRDA:34,9,0,68
BRDA:35,10,0,23
BRDA:39,11,0,68
BRDA:40,12,0,36
BRDA:41,13,0,32
BRDA:42,14,0,20
BRDA:46,15,0,12
BRDA:47,16,0,6
BRDA:59,17,0,8
BRF:18
BRH:18
end_of_record
